<?xml version="1.0" encoding="UTF-8" ?>
<testsuite errors="0" failures="1" hostname="localhost" name="basedoc.EtreAssocieTests" tests="1" time="0.146" timestamp="2013-07-08T09:05:22">
  <properties />
  <testcase classname="basedoc.EtreAssocieTests" name="testSomething" time="0.079">
    <failure message="junit.framework.AssertionFailedError: Implement me" type="junit.framework.AssertionFailedError">junit.framework.AssertionFailedError: junit.framework.AssertionFailedError: Implement me
	at basedoc.EtreAssocieTests.testSomething(EtreAssocieTests.groovy:15)
</failure>
  </testcase>
  <system-out><![CDATA[--Output from testSomething--
]]></system-out>
  <system-err><![CDATA[--Output from testSomething--
]]></system-err>
</testsuite>
