<?xml version="1.0" encoding="UTF-8" ?>
<testsuite errors="0" failures="1" hostname="localhost" name="gfreg.TitiServiceTests" tests="1" time="0.164" timestamp="2013-07-08T09:05:21">
  <properties />
  <testcase classname="gfreg.TitiServiceTests" name="testSomething" time="0.037">
    <failure message="junit.framework.AssertionFailedError: Implement me" type="junit.framework.AssertionFailedError">junit.framework.AssertionFailedError: junit.framework.AssertionFailedError: Implement me
	at gfreg.TitiServiceTests.testSomething(TitiServiceTests.groovy:15)
</failure>
  </testcase>
  <system-out><![CDATA[--Output from testSomething--
]]></system-out>
  <system-err><![CDATA[--Output from testSomething--
]]></system-err>
</testsuite>
