<?xml version="1.0" encoding="UTF-8" ?>
<testsuite errors="0" failures="1" hostname="localhost" name="basedoc.DocTestControllerTests" tests="1" time="0.277" timestamp="2013-07-08T09:05:21">
  <properties />
  <testcase classname="basedoc.DocTestControllerTests" name="testSomething" time="0.187">
    <failure message="junit.framework.AssertionFailedError: Implement me" type="junit.framework.AssertionFailedError">junit.framework.AssertionFailedError: junit.framework.AssertionFailedError: Implement me
	at basedoc.DocTestControllerTests.testSomething(DocTestControllerTests.groovy:15)
</failure>
  </testcase>
  <system-out><![CDATA[--Output from testSomething--
]]></system-out>
  <system-err><![CDATA[--Output from testSomething--
]]></system-err>
</testsuite>
