<?xml version="1.0" encoding="UTF-8" ?>
<testsuite errors="0" failures="1" hostname="localhost" name="gfreg.BaseDocTests" tests="1" time="0.415" timestamp="2013-07-08T09:05:20">
  <properties />
  <testcase classname="gfreg.BaseDocTests" name="testSomething" time="0.322">
    <failure message="junit.framework.AssertionFailedError: Implement me" type="junit.framework.AssertionFailedError">junit.framework.AssertionFailedError: junit.framework.AssertionFailedError: Implement me
	at gfreg.BaseDocTests.testSomething(BaseDocTests.groovy:15)
</failure>
  </testcase>
  <system-out><![CDATA[--Output from testSomething--
]]></system-out>
  <system-err><![CDATA[--Output from testSomething--
]]></system-err>
</testsuite>
