<?xml version="1.0" encoding="UTF-8" ?>
<testsuite errors="0" failures="1" hostname="localhost" name="test.ClassTestTests" tests="1" time="0.252" timestamp="2013-07-08T09:05:21">
  <properties />
  <testcase classname="test.ClassTestTests" name="testSomething" time="0.14">
    <failure message="junit.framework.AssertionFailedError: Implement me" type="junit.framework.AssertionFailedError">junit.framework.AssertionFailedError: junit.framework.AssertionFailedError: Implement me
	at test.ClassTestTests.testSomething(ClassTestTests.groovy:15)
</failure>
  </testcase>
  <system-out><![CDATA[--Output from testSomething--
]]></system-out>
  <system-err><![CDATA[--Output from testSomething--
]]></system-err>
</testsuite>
