<?xml version="1.0" encoding="UTF-8" ?>
<testsuite errors="0" failures="1" hostname="localhost" name="basedoc.ProductTests" tests="1" time="0.058" timestamp="2013-07-08T09:05:23">
  <properties />
  <testcase classname="basedoc.ProductTests" name="testSomething" time="0.057">
    <failure message="junit.framework.AssertionFailedError: Implement me" type="junit.framework.AssertionFailedError">junit.framework.AssertionFailedError: junit.framework.AssertionFailedError: Implement me
	at basedoc.ProductTests.testSomething(ProductTests.groovy:15)
</failure>
  </testcase>
  <system-out><![CDATA[--Output from testSomething--
]]></system-out>
  <system-err><![CDATA[--Output from testSomething--
]]></system-err>
</testsuite>
